<?xml version="1.0" encoding="UTF-8"?>
<testng-results skipped="0" failed="0" ignored="0" total="1" passed="1">
  <reporter-output>
  </reporter-output>
  <suite name="Default suite" duration-ms="76" started-at="2021-02-25T07:56:35Z" finished-at="2021-02-25T07:56:35Z">
    <groups>
    </groups>
    <test name="Default test" duration-ms="76" started-at="2021-02-25T07:56:35Z" finished-at="2021-02-25T07:56:35Z">
      <class name="org.samp.StreamsExercise">
        <test-method status="PASS" signature="mani()[pri:0, instance:org.samp.StreamsExercise@6cc4c815]" name="mani" duration-ms="52" started-at="2021-02-25T07:56:35Z" finished-at="2021-02-25T07:56:35Z">
          <reporter-output>
          </reporter-output>
        </test-method> <!-- mani -->
      </class> <!-- org.samp.StreamsExercise -->
    </test> <!-- Default test -->
  </suite> <!-- Default suite -->
</testng-results>
